[2023-05-07 20:10:30,910] {taskinstance.py:1159} INFO - Dependencies all met for <TaskInstance: riskthinking_ai_de.feature_engineering manual__2023-05-07T20:10:17.807826+00:00 [queued]>
[2023-05-07 20:10:30,924] {taskinstance.py:1159} INFO - Dependencies all met for <TaskInstance: riskthinking_ai_de.feature_engineering manual__2023-05-07T20:10:17.807826+00:00 [queued]>
[2023-05-07 20:10:30,925] {taskinstance.py:1356} INFO - 
--------------------------------------------------------------------------------
[2023-05-07 20:10:30,926] {taskinstance.py:1357} INFO - Starting attempt 1 of 1
[2023-05-07 20:10:30,926] {taskinstance.py:1358} INFO - 
--------------------------------------------------------------------------------
[2023-05-07 20:10:30,948] {taskinstance.py:1377} INFO - Executing <Task(PythonOperator): feature_engineering> on 2023-05-07 20:10:17.807826+00:00
[2023-05-07 20:10:30,956] {standard_task_runner.py:52} INFO - Started process 8828 to run task
[2023-05-07 20:10:30,961] {standard_task_runner.py:79} INFO - Running: ['***', 'tasks', 'run', 'riskthinking_ai_de', 'feature_engineering', 'manual__2023-05-07T20:10:17.807826+00:00', '--job-id', '272', '--raw', '--subdir', 'DAGS_FOLDER/files/rt_ai_etl.py', '--cfg-path', '/tmp/tmp9wsstu_u', '--error-file', '/tmp/tmp0yqf97_6']
[2023-05-07 20:10:30,963] {standard_task_runner.py:80} INFO - Job 272: Subtask feature_engineering
[2023-05-07 20:10:31,063] {task_command.py:369} INFO - Running <TaskInstance: riskthinking_ai_de.feature_engineering manual__2023-05-07T20:10:17.807826+00:00 [running]> on host 16ca7fe0df6c
[2023-05-07 20:10:31,182] {taskinstance.py:1571} INFO - Exporting the following env vars:
AIRFLOW_CTX_DAG_OWNER=***
AIRFLOW_CTX_DAG_ID=riskthinking_ai_de
AIRFLOW_CTX_TASK_ID=feature_engineering
AIRFLOW_CTX_EXECUTION_DATE=2023-05-07T20:10:17.807826+00:00
AIRFLOW_CTX_TRY_NUMBER=1
AIRFLOW_CTX_DAG_RUN_ID=manual__2023-05-07T20:10:17.807826+00:00
[2023-05-07 20:10:31,346] {logging_mixin.py:115} INFO -   Symbol Security Name       Date  ...       Close   Adj Close   Volume
0      A         stock 2023-01-03  ...  150.039993  149.795959  1414300
1      A         stock 2023-01-04  ...  151.669998  151.423325  1247400
2      A         stock 2023-01-05  ...  152.110001  151.862610  1714600
3      A         stock 2023-01-06  ...  147.669998  147.429825  2445000
4      A         stock 2023-01-09  ...  147.470001  147.230148  1269600

[5 rows x 9 columns]
[2023-05-07 20:10:31,379] {logging_mixin.py:115} INFO - processed 328 rows
[2023-05-07 20:10:31,401] {logging_mixin.py:115} INFO -   Symbol Security Name  ... vol_moving_avg  adj_close_rolling_med
0      A         stock  ...            NaN                    NaN
1      A         stock  ...            NaN                    NaN
2      A         stock  ...            NaN                    NaN
3      A         stock  ...            NaN                    NaN
4      A         stock  ...            NaN                    NaN

[5 rows x 11 columns]
[2023-05-07 20:10:31,402] {python.py:173} INFO - Done. Returned value was: yfinance_data.csv
[2023-05-07 20:10:31,442] {taskinstance.py:1400} INFO - Marking task as SUCCESS. dag_id=riskthinking_ai_de, task_id=feature_engineering, execution_date=20230507T201017, start_date=20230507T201030, end_date=20230507T201031
[2023-05-07 20:10:31,495] {local_task_job.py:156} INFO - Task exited with return code 0
[2023-05-07 20:10:31,576] {local_task_job.py:273} INFO - 1 downstream tasks scheduled from follow-on schedule check
