[2023-05-07 19:47:33,537] {taskinstance.py:1159} INFO - Dependencies all met for <TaskInstance: riskthinking_ai_de.ml_training manual__2023-05-07T19:47:19.059218+00:00 [queued]>
[2023-05-07 19:47:33,558] {taskinstance.py:1159} INFO - Dependencies all met for <TaskInstance: riskthinking_ai_de.ml_training manual__2023-05-07T19:47:19.059218+00:00 [queued]>
[2023-05-07 19:47:33,559] {taskinstance.py:1356} INFO - 
--------------------------------------------------------------------------------
[2023-05-07 19:47:33,562] {taskinstance.py:1357} INFO - Starting attempt 1 of 1
[2023-05-07 19:47:33,563] {taskinstance.py:1358} INFO - 
--------------------------------------------------------------------------------
[2023-05-07 19:47:33,584] {taskinstance.py:1377} INFO - Executing <Task(PythonOperator): ml_training> on 2023-05-07 19:47:19.059218+00:00
[2023-05-07 19:47:33,591] {standard_task_runner.py:52} INFO - Started process 8454 to run task
[2023-05-07 19:47:33,596] {standard_task_runner.py:79} INFO - Running: ['***', 'tasks', 'run', 'riskthinking_ai_de', 'ml_training', 'manual__2023-05-07T19:47:19.059218+00:00', '--job-id', '269', '--raw', '--subdir', 'DAGS_FOLDER/files/rt_ai_etl.py', '--cfg-path', '/tmp/tmp2u7nxy8o', '--error-file', '/tmp/tmp8miw6ipe']
[2023-05-07 19:47:33,598] {standard_task_runner.py:80} INFO - Job 269: Subtask ml_training
[2023-05-07 19:47:33,682] {task_command.py:369} INFO - Running <TaskInstance: riskthinking_ai_de.ml_training manual__2023-05-07T19:47:19.059218+00:00 [running]> on host 16ca7fe0df6c
[2023-05-07 19:47:33,815] {taskinstance.py:1571} INFO - Exporting the following env vars:
AIRFLOW_CTX_DAG_OWNER=***
AIRFLOW_CTX_DAG_ID=riskthinking_ai_de
AIRFLOW_CTX_TASK_ID=ml_training
AIRFLOW_CTX_EXECUTION_DATE=2023-05-07T19:47:19.059218+00:00
AIRFLOW_CTX_TRY_NUMBER=1
AIRFLOW_CTX_DAG_RUN_ID=manual__2023-05-07T19:47:19.059218+00:00
[2023-05-07 19:47:33,878] {logging_mixin.py:115} INFO - processed 212 rows
[2023-05-07 19:47:33,905] {logging_mixin.py:115} INFO -             Unnamed: 0 Symbol  ... vol_moving_avg  adj_close_rolling_med
Date                           ...                                      
2023-02-14          29      A  ...   1.206423e+06             154.278671
2023-02-15          30      A  ...   1.192027e+06             154.278671
2023-02-16          31      A  ...   1.187170e+06             154.278671
2023-02-17          32      A  ...   1.169843e+06             154.278671
2023-02-21          33      A  ...   1.144803e+06             154.278671

[5 rows x 11 columns]
[2023-05-07 19:47:34,136] {logging_mixin.py:115} INFO - RandomForestRegressor(random_state=42)
[2023-05-07 19:47:34,151] {logging_mixin.py:115} INFO - [1.233398e+06 8.890000e+02 2.364224e+06 6.534446e+06 5.089572e+06
 1.551000e+03 1.381623e+06 1.785000e+03 1.762207e+06 6.853066e+06
 1.741890e+06 1.154000e+03 1.617419e+06 4.205335e+06 1.115468e+06
 3.951000e+03 3.300000e+02 1.761370e+06 1.221000e+03 3.834198e+06
 4.984341e+06 5.223478e+06 2.375932e+06 6.520000e+02 2.349118e+06
 2.725197e+06 1.529237e+06 4.816892e+06 1.566981e+06 4.046000e+03
 1.913070e+06 2.562175e+06 8.559090e+05 5.740247e+06 5.066482e+06
 2.718556e+06 1.891000e+03 4.903930e+06 1.389000e+03 4.660790e+06
 1.730996e+06 1.291000e+03 1.417000e+03]
[2023-05-07 19:47:34,153] {logging_mixin.py:115} INFO - 571140.8372093023
[2023-05-07 19:47:34,154] {logging_mixin.py:115} INFO - 1181002689772.8372
[2023-05-07 19:47:34,155] {python.py:173} INFO - Done. Returned value was: None
[2023-05-07 19:47:34,178] {taskinstance.py:1400} INFO - Marking task as SUCCESS. dag_id=riskthinking_ai_de, task_id=ml_training, execution_date=20230507T194719, start_date=20230507T194733, end_date=20230507T194734
[2023-05-07 19:47:34,212] {local_task_job.py:156} INFO - Task exited with return code 0
[2023-05-07 19:47:34,266] {local_task_job.py:273} INFO - 1 downstream tasks scheduled from follow-on schedule check
